{"E:\\Work\\Web_Development\\the-creative-works-of-hasanabir\\frontend\\src\\utils\\splitBlockIntoLines.ts": {"path":"E:\\Work\\Web_Development\\the-creative-works-of-hasanabir\\frontend\\src\\utils\\splitBlockIntoLines.ts","all":false,"statementMap":{"0":{"start":{"line":1,"column":0},"end":{"line":1,"column":58}},"1":{"start":{"line":2,"column":0},"end":{"line":2,"column":10}},"2":{"start":{"line":3,"column":0},"end":{"line":3,"column":16}},"3":{"start":{"line":4,"column":0},"end":{"line":4,"column":77}},"4":{"start":{"line":5,"column":0},"end":{"line":5,"column":11}},"5":{"start":{"line":6,"column":0},"end":{"line":6,"column":4}},"6":{"start":{"line":7,"column":0},"end":{"line":7,"column":2}},"7":{"start":{"line":8,"column":0},"end":{"line":8,"column":0}},"8":{"start":{"line":9,"column":0},"end":{"line":9,"column":35}}},"s":{"0":1,"1":4,"2":4,"3":4,"4":0,"5":4,"6":4,"7":1,"8":1},"branchMap":{"0":{"type":"branch","line":1,"loc":{"start":{"line":1,"column":28},"end":{"line":7,"column":2}},"locations":[{"start":{"line":1,"column":28},"end":{"line":7,"column":2}}]},"1":{"type":"branch","line":4,"loc":{"start":{"line":4,"column":6},"end":{"line":5,"column":11}},"locations":[{"start":{"line":4,"column":6},"end":{"line":5,"column":11}}]}},"b":{"0":[4],"1":[0]},"fnMap":{"0":{"name":"splitBlockIntoLines","decl":{"start":{"line":1,"column":28},"end":{"line":7,"column":2}},"loc":{"start":{"line":1,"column":28},"end":{"line":7,"column":2}},"line":1}},"f":{"0":4}}
}
